<?xml version="1.0" encoding="UTF-8"?>
<!-- Generated by org.testng.reporters.JUnitReportReporter -->
<testsuite skipped="0" hostname="LAPTOP-Q72SAP8P" name="mainspringTest.TestScrumRetrospection" tests="1" failures="0" timestamp="2021-06-06T23:52:37 IST" time="18.214" errors="0">
  <testcase name="testSprintRetrospection" time="18.214" classname="mainspringTest.TestScrumRetrospection"/>
  <system-out/>
</testsuite> <!-- mainspringTest.TestScrumRetrospection -->
