<?xml version="1.0" encoding="UTF-8"?>
<!-- Generated by org.testng.reporters.JUnitReportReporter -->
<testsuite hostname="LAPTOP-Q72SAP8P" failures="0" tests="2" name="com.testng.training.TestParameters" time="0.026" errors="0" timestamp="2024-01-24T22:57:28 IST" skipped="0">
  <testcase classname="com.testng.training.TestParameters" name="testCaseOne" time="0.022"/>
  <testcase classname="com.testng.training.TestParameters" name="testCaseTwo" time="0.004"/>
</testsuite> <!-- com.testng.training.TestParameters -->
