<?xml version="1.0" encoding="UTF-8"?>
<!-- Generated by org.testng.reporters.JUnitReportReporter -->
<testsuite hostname="LAPTOP-Q72SAP8P" failures="0" tests="1" name="suiteA.TestClassAA" time="5.006" errors="0" timestamp="2024-01-25T21:52:31 IST" skipped="0">
  <testcase classname="suiteA.TestClassAA" name="testAA" time="5.006"/>
</testsuite> <!-- suiteA.TestClassAA -->
