<?xml version="1.0" encoding="UTF-8"?>
<!-- Generated by org.testng.reporters.JUnitReportReporter -->
<testsuite skipped="0" hostname="LAPTOP-Q72SAP8P" name="InterestCalaculator.PageClass" tests="5" failures="0" timestamp="2021-05-24T22:20:13 IST" time="227.354" errors="0">
  <testcase name="calculateCarLoan" time="20.651" classname="InterestCalaculator.PageClass"/>
  <system-out/>
  <testcase name="homeLoanEmiCalculator" time="31.210" classname="InterestCalaculator.PageClass"/>
  <system-out/>
  <testcase name="testLoanCalculator" time="53.757" classname="InterestCalaculator.PageClass"/>
  <system-out/>
  <testcase name="testLoanCalculator" time="61.057" classname="InterestCalaculator.PageClass"/>
  <system-out/>
  <testcase name="testLoanCalculator" time="60.679" classname="InterestCalaculator.PageClass"/>
  <system-out/>
</testsuite> <!-- InterestCalaculator.PageClass -->
