<?xml version="1.0" encoding="UTF-8"?>
<!-- Generated by org.testng.reporters.JUnitReportReporter -->
<testsuite skipped="0" hostname="LAPTOP-Q72SAP8P" name="InterestCalaculator.SelectMonthAndYear" tests="1" failures="0" timestamp="2021-05-18T13:29:50 IST" time="21.531" errors="0">
  <testcase name="addStockTest" time="21.531" classname="InterestCalaculator.SelectMonthAndYear"/>
  <system-out/>
</testsuite> <!-- InterestCalaculator.SelectMonthAndYear -->
