<?xml version="1.0" encoding="UTF-8"?>
<!-- Generated by org.testng.reporters.JUnitReportReporter -->
<testsuite skipped="0" hostname="LAPTOP-Q72SAP8P" name="InterestCalaculator.SliderControl" tests="1" failures="0" timestamp="2021-05-19T15:12:30 IST" time="13.301" errors="0">
  <testcase name="test" time="13.301" classname="InterestCalaculator.SliderControl"/>
  <system-out/>
</testsuite> <!-- InterestCalaculator.SliderControl -->
