<?xml version="1.0" encoding="UTF-8"?>
<!-- Generated by org.testng.reporters.JUnitReportReporter -->
<testsuite skipped="0" hostname="LAPTOP-Q72SAP8P" name="InterestCalaculator.WriteInExcelFile" tests="1" failures="0" timestamp="2021-05-18T17:13:47 IST" time="25.190" errors="0">
  <testcase name="writeSheet" time="25.190" classname="InterestCalaculator.WriteInExcelFile"/>
  <system-out/>
</testsuite> <!-- InterestCalaculator.WriteInExcelFile -->
