<?xml version="1.0" encoding="UTF-8"?>
<!-- Generated by org.testng.reporters.JUnitReportReporter -->
<testsuite skipped="0" hostname="LAPTOP-Q72SAP8P" name="com.testng.training.TestParameters" tests="2" failures="0" timestamp="2021-05-17T18:19:22 IST" time="0.018" errors="0">
  <testcase name="testCaseOne" time="0.016" classname="com.testng.training.TestParameters"/>
  <system-out/>
  <testcase name="testCaseTwo" time="0.002" classname="com.testng.training.TestParameters"/>
  <system-out/>
</testsuite> <!-- com.testng.training.TestParameters -->
