<?xml version="1.0" encoding="UTF-8"?>
<!-- Generated by org.testng.reporters.JUnitReportReporter -->
<testsuite hostname="LAPTOP-Q72SAP8P" failures="0" tests="3" name="com.testng.dataprovider.DataProviderParameterExample" time="0.009" errors="0" timestamp="2024-03-21T05:54:28 IST" skipped="0">
  <testcase classname="com.testng.dataprovider.DataProviderParameterExample" name="commonScenarios" time="0.006"/>
  <system-out/>
  <testcase classname="com.testng.dataprovider.DataProviderParameterExample" name="scenario1" time="0.001"/>
  <system-out/>
  <testcase classname="com.testng.dataprovider.DataProviderParameterExample" name="scenario2" time="0.002"/>
  <system-out/>
</testsuite> <!-- com.testng.dataprovider.DataProviderParameterExample -->
