<?xml version="1.0" encoding="UTF-8"?>
<!-- Generated by org.testng.reporters.JUnitReportReporter -->
<testsuite hostname="LAPTOP-Q72SAP8P" failures="0" tests="4" name="com.testng.training.SkippingExample" time="0.016" errors="0" timestamp="2024-03-21T05:31:42 IST" skipped="2">
  <testcase classname="com.testng.training.SkippingExample" name="testOne" time="0.003"/>
  <system-out/>
  <testcase classname="com.testng.training.SkippingExample" name="testFour" time="0.010"/>
  <system-out/>
  <testcase classname="com.testng.training.SkippingExample" name="testThree" time="0.003">
    <skipped/>
  </testcase> <!-- testThree -->
  <system-out/>
  <testcase classname="com.testng.training.SkippingExample" name="testTwo">
    <skipped/>
  </testcase> <!-- testTwo -->
  <system-out/>
</testsuite> <!-- com.testng.training.SkippingExample -->
