<?xml version="1.0" encoding="UTF-8"?>
<!-- Generated by org.testng.reporters.JUnitReportReporter -->
<testsuite hostname="LAPTOP-Q72SAP8P" failures="0" tests="1" name="suiteA.TestClassA" time="5.028" errors="0" timestamp="2024-01-25T22:10:34 IST" skipped="0">
  <testcase classname="suiteA.TestClassA" name="testA" time="5.028"/>
</testsuite> <!-- suiteA.TestClassA -->
