<?xml version="1.0" encoding="UTF-8"?>
<!-- Generated by org.testng.reporters.JUnitReportReporter -->
<testsuite hostname="LAPTOP-Q72SAP8P" failures="0" tests="1" name="suiteB.TestClassB" time="5.029" errors="0" timestamp="2024-01-25T22:10:34 IST" skipped="0">
  <testcase classname="suiteB.TestClassB" name="testB" time="5.029"/>
</testsuite> <!-- suiteB.TestClassB -->
