<?xml version="1.0" encoding="UTF-8"?>
<!-- Generated by org.testng.reporters.JUnitReportReporter -->
<testsuite skipped="0" hostname="LAPTOP-Q72SAP8P" name="HackathonProject.findTheInterestAmount.PageClass" tests="5" failures="0" timestamp="2021-05-31T15:08:57 IST" time="222.845" errors="0">
  <testcase name="calculateCarLoan" time="29.842" classname="HackathonProject.findTheInterestAmount.PageClass"/>
  <system-out/>
  <testcase name="homeLoanEmiCalculator" time="38.917" classname="HackathonProject.findTheInterestAmount.PageClass"/>
  <system-out/>
  <testcase name="testLoanCalculator" time="50.676" classname="HackathonProject.findTheInterestAmount.PageClass"/>
  <system-out/>
  <testcase name="testLoanCalculator" time="53.760" classname="HackathonProject.findTheInterestAmount.PageClass"/>
  <system-out/>
  <testcase name="testLoanCalculator" time="49.650" classname="HackathonProject.findTheInterestAmount.PageClass"/>
  <system-out/>
</testsuite> <!-- HackathonProject.findTheInterestAmount.PageClass -->
