<?xml version="1.0" encoding="UTF-8"?>
<!-- Generated by org.testng.reporters.JUnitReportReporter -->
<testsuite hostname="LAPTOP-E5R60N50" failures="0" tests="8" name="com.insurance.test.TravelInsurance_test" time="288.476" errors="0" timestamp="2021-05-24T09:40:12 IST" skipped="0">
  <testcase classname="com.insurance.test.TravelInsurance_test" name="openurl" time="9.672"/>
  <system-out/>
  <testcase classname="com.insurance.test.TravelInsurance_test" name="testone" time="45.631"/>
  <system-out/>
  <testcase classname="com.insurance.test.TravelInsurance_test" name="testone" time="47.596"/>
  <system-out/>
  <testcase classname="com.insurance.test.TravelInsurance_test" name="testone" time="46.452"/>
  <system-out/>
  <testcase classname="com.insurance.test.TravelInsurance_test" name="testtwo" time="45.547"/>
  <system-out/>
  <testcase classname="com.insurance.test.TravelInsurance_test" name="testtwo" time="46.059"/>
  <system-out/>
  <testcase classname="com.insurance.test.TravelInsurance_test" name="testtwo" time="46.742"/>
  <system-out/>
  <testcase classname="com.insurance.test.TravelInsurance_test" name="testthree" time="0.777"/>
  <system-out/>
</testsuite> <!-- com.insurance.test.TravelInsurance_test -->
