<?xml version="1.0" encoding="UTF-8"?>
<!-- Generated by org.testng.reporters.JUnitReportReporter -->
<testsuite hostname="LAPTOP-3498N6HS" failures="0" tests="1" name="com.insurance.test.Test_insurance" time="31.595" errors="0" timestamp="2021-05-11T20:00:29 IST" skipped="0">
  <testcase classname="com.insurance.test.Test_insurance" name="testone" time="31.595"/>
  <system-out/>
</testsuite> <!-- com.insurance.test.Test_insurance -->
