<?xml version="1.0" encoding="UTF-8"?>
<!-- Generated by org.testng.reporters.JUnitReportReporter -->
<testsuite skipped="0" hostname="sunflower-PC" name="com.InterestAmount.testcases.loanAmountCalculatorUICheckTestcases" tests="15" failures="0" timestamp="2021-04-15T20:58:49 IST" time="21.335" errors="0">
  <testcase name="testloancalcnavigate" time="12.385" classname="com.InterestAmount.testcases.loanAmountCalculatorUICheckTestcases"/>
  <system-out/>
  <testcase name="testloantermslidercheck" time="1.354" classname="com.InterestAmount.testcases.loanAmountCalculatorUICheckTestcases"/>
  <system-out/>
  <testcase name="testEMItextbox" time="0.339" classname="com.InterestAmount.testcases.loanAmountCalculatorUICheckTestcases"/>
  <system-out/>
  <testcase name="testEMIslidercheck" time="1.313" classname="com.InterestAmount.testcases.loanAmountCalculatorUICheckTestcases"/>
  <system-out/>
  <testcase name="testfeechargesslider" time="0.304" classname="com.InterestAmount.testcases.loanAmountCalculatorUICheckTestcases"/>
  <system-out/>
  <testcase name="testinterestrateslider" time="0.207" classname="com.InterestAmount.testcases.loanAmountCalculatorUICheckTestcases"/>
  <system-out/>
  <testcase name="testfeeChargeSlidercheck" time="1.067" classname="com.InterestAmount.testcases.loanAmountCalculatorUICheckTestcases"/>
  <system-out/>
  <testcase name="testloantermtextbox" time="0.588" classname="com.InterestAmount.testcases.loanAmountCalculatorUICheckTestcases"/>
  <system-out/>
  <testcase name="testloantermslider" time="0.536" classname="com.InterestAmount.testcases.loanAmountCalculatorUICheckTestcases"/>
  <system-out/>
  <testcase name="testEMIslider" time="0.753" classname="com.InterestAmount.testcases.loanAmountCalculatorUICheckTestcases"/>
  <system-out/>
  <testcase name="testinterestratetextbox" time="0.502" classname="com.InterestAmount.testcases.loanAmountCalculatorUICheckTestcases"/>
  <system-out/>
  <testcase name="testfeechargestextbox" time="0.343" classname="com.InterestAmount.testcases.loanAmountCalculatorUICheckTestcases"/>
  <system-out/>
  <testcase name="testinterestrateslidercheck" time="0.982" classname="com.InterestAmount.testcases.loanAmountCalculatorUICheckTestcases"/>
  <system-out/>
  <testcase name="close" time="0.512" classname="com.InterestAmount.testcases.loanAmountCalculatorUICheckTestcases"/>
  <system-out/>
  <testcase name="endReport" time="0.150" classname="com.InterestAmount.testcases.loanAmountCalculatorUICheckTestcases"/>
  <system-out/>
</testsuite> <!-- com.InterestAmount.testcases.loanAmountCalculatorUICheckTestcases -->
