<?xml version="1.0" encoding="UTF-8"?>
<!-- Generated by org.testng.reporters.JUnitReportReporter -->
<testsuite skipped="0" hostname="LAPTOP-Q72SAP8P" name="com.InterestAmount.testcases.homeLoanTestCases" tests="5" failures="0" timestamp="2021-05-23T14:07:38 IST" time="36.652" errors="0">
  <testcase name="testopenBrowser" time="7.504" classname="com.InterestAmount.testcases.homeLoanTestCases"/>
  <system-out/>
  <testcase name="testdataexport" time="4.470" classname="com.InterestAmount.testcases.homeLoanTestCases"/>
  <system-out/>
  <testcase name="testHomeEmi" time="24.117" classname="com.InterestAmount.testcases.homeLoanTestCases"/>
  <system-out/>
  <testcase name="close" time="0.201" classname="com.InterestAmount.testcases.homeLoanTestCases"/>
  <system-out/>
  <testcase name="endReport" time="0.360" classname="com.InterestAmount.testcases.homeLoanTestCases"/>
  <system-out/>
</testsuite> <!-- com.InterestAmount.testcases.homeLoanTestCases -->
