<?xml version="1.0" encoding="UTF-8"?>
<!-- Generated by org.testng.reporters.JUnitReportReporter -->
<testsuite skipped="0" hostname="LAPTOP-Q72SAP8P" name="com.InterestAmount.testcases.carLoanTestCases" tests="5" failures="0" timestamp="2021-05-23T14:06:00 IST" time="39.593" errors="0">
  <testcase name="openBrowsertestCase" time="37.056" classname="com.InterestAmount.testcases.carLoanTestCases"/>
  <system-out/>
  <testcase name="carEMIFormtestCase" time="1.021" classname="com.InterestAmount.testcases.carLoanTestCases"/>
  <system-out/>
  <testcase name="getdatatestcase" time="0.389" classname="com.InterestAmount.testcases.carLoanTestCases"/>
  <system-out/>
  <testcase name="closetestcase" time="0.673" classname="com.InterestAmount.testcases.carLoanTestCases"/>
  <system-out/>
  <testcase name="endReportestcase" time="0.454" classname="com.InterestAmount.testcases.carLoanTestCases"/>
  <system-out/>
</testsuite> <!-- com.InterestAmount.testcases.carLoanTestCases -->
