<?xml version="1.0" encoding="UTF-8"?>
<!-- Generated by org.testng.reporters.JUnitReportReporter -->
<testsuite skipped="0" hostname="sunflower-PC" name="com.InterestAmount.testcases.loanTenureUICheckTestCases" tests="16" failures="0" timestamp="2021-04-15T20:58:49 IST" time="46.868" errors="0">
  <testcase name="openBrowsertestCase" time="14.119" classname="com.InterestAmount.testcases.loanTenureUICheckTestCases"/>
  <system-out/>
  <testcase name="testloanTenurenavigate" time="9.637" classname="com.InterestAmount.testcases.loanTenureUICheckTestCases"/>
  <system-out/>
  <testcase name="testloanAmountslider" time="0.237" classname="com.InterestAmount.testcases.loanTenureUICheckTestCases"/>
  <system-out/>
  <testcase name="testinterestRatetextbox" time="0.294" classname="com.InterestAmount.testcases.loanTenureUICheckTestCases"/>
  <system-out/>
  <testcase name="testloanAmounttextbox" time="0.473" classname="com.InterestAmount.testcases.loanTenureUICheckTestCases"/>
  <system-out/>
  <testcase name="testEMItextbox" time="0.429" classname="com.InterestAmount.testcases.loanTenureUICheckTestCases"/>
  <system-out/>
  <testcase name="testemislider" time="0.626" classname="com.InterestAmount.testcases.loanTenureUICheckTestCases"/>
  <system-out/>
  <testcase name="testfeechargestextbox" time="0.500" classname="com.InterestAmount.testcases.loanTenureUICheckTestCases"/>
  <system-out/>
  <testcase name="testfeeslidercheck" time="1.033" classname="com.InterestAmount.testcases.loanTenureUICheckTestCases"/>
  <system-out/>
  <testcase name="testloanAmountslidercheck" time="1.085" classname="com.InterestAmount.testcases.loanTenureUICheckTestCases"/>
  <system-out/>
  <testcase name="testloantermslidercheck" time="2.284" classname="com.InterestAmount.testcases.loanTenureUICheckTestCases"/>
  <system-out/>
  <testcase name="testloantermslider" time="0.363" classname="com.InterestAmount.testcases.loanTenureUICheckTestCases"/>
  <system-out/>
  <testcase name="testfeechargesslider" time="0.286" classname="com.InterestAmount.testcases.loanTenureUICheckTestCases"/>
  <system-out/>
  <testcase name="testemislidercheck" time="14.798" classname="com.InterestAmount.testcases.loanTenureUICheckTestCases"/>
  <system-out/>
  <testcase name="testclose" time="0.579" classname="com.InterestAmount.testcases.loanTenureUICheckTestCases"/>
  <system-out/>
  <testcase name="testendReport" time="0.125" classname="com.InterestAmount.testcases.loanTenureUICheckTestCases"/>
  <system-out/>
</testsuite> <!-- com.InterestAmount.testcases.loanTenureUICheckTestCases -->
