<?xml version="1.0" encoding="UTF-8"?>
<!-- Generated by org.testng.reporters.JUnitReportReporter -->
<testsuite skipped="0" hostname="LAPTOP-Q72SAP8P" name="simpleMaven.NewClass" tests="1" failures="0" timestamp="2021-06-11T19:48:21 IST" time="6.434" errors="0">
  <testcase name="test" time="6.434" classname="simpleMaven.NewClass"/>
  <system-out/>
</testsuite> <!-- simpleMaven.NewClass -->
