<?xml version="1.0" encoding="UTF-8"?>
<!-- Generated by org.testng.reporters.JUnitReportReporter -->
<testsuite skipped="0" hostname="LAPTOP-Q72SAP8P" name="HackathonProject.findTheInterestAmount.PageClass" tests="5" failures="0" timestamp="2021-05-31T16:02:59 IST" time="208.071" errors="0">
  <testcase name="calculateCarLoan" time="19.150" classname="HackathonProject.findTheInterestAmount.PageClass"/>
  <system-out/>
  <testcase name="homeLoanEmiCalculator" time="38.405" classname="HackathonProject.findTheInterestAmount.PageClass"/>
  <system-out/>
  <testcase name="testLoanCalculator" time="52.088" classname="HackathonProject.findTheInterestAmount.PageClass"/>
  <system-out/>
  <testcase name="testLoanCalculator" time="47.672" classname="HackathonProject.findTheInterestAmount.PageClass"/>
  <system-out/>
  <testcase name="testLoanCalculator" time="50.756" classname="HackathonProject.findTheInterestAmount.PageClass"/>
  <system-out/>
</testsuite> <!-- HackathonProject.findTheInterestAmount.PageClass -->
