<?xml version="1.0" encoding="UTF-8"?>
<!-- Generated by org.testng.reporters.JUnitReportReporter -->
<testsuite hostname="Abhi" failures="0" tests="15" name="com.InterestAmount.testcases.loanAmountCalculatorUICheckTestcases" time="13.069" errors="0" timestamp="2021-04-18T22:54:51 IST" skipped="0">
  <testcase classname="com.InterestAmount.testcases.loanAmountCalculatorUICheckTestcases" name="testloancalcnavigate" time="4.221"/>
  <system-out/>
  <testcase classname="com.InterestAmount.testcases.loanAmountCalculatorUICheckTestcases" name="testloantermtextbox" time="0.316"/>
  <system-out/>
  <testcase classname="com.InterestAmount.testcases.loanAmountCalculatorUICheckTestcases" name="testEMIslider" time="0.381"/>
  <system-out/>
  <testcase classname="com.InterestAmount.testcases.loanAmountCalculatorUICheckTestcases" name="testfeechargestextbox" time="0.196"/>
  <system-out/>
  <testcase classname="com.InterestAmount.testcases.loanAmountCalculatorUICheckTestcases" name="testEMItextbox" time="0.271"/>
  <system-out/>
  <testcase classname="com.InterestAmount.testcases.loanAmountCalculatorUICheckTestcases" name="testfeechargesslider" time="0.221"/>
  <system-out/>
  <testcase classname="com.InterestAmount.testcases.loanAmountCalculatorUICheckTestcases" name="testloantermslidercheck" time="0.606"/>
  <system-out/>
  <testcase classname="com.InterestAmount.testcases.loanAmountCalculatorUICheckTestcases" name="testfeeChargeSlidercheck" time="0.611"/>
  <system-out/>
  <testcase classname="com.InterestAmount.testcases.loanAmountCalculatorUICheckTestcases" name="testEMIslidercheck" time="0.621"/>
  <system-out/>
  <testcase classname="com.InterestAmount.testcases.loanAmountCalculatorUICheckTestcases" name="testloantermslider" time="0.192"/>
  <system-out/>
  <testcase classname="com.InterestAmount.testcases.loanAmountCalculatorUICheckTestcases" name="testinterestrateslidercheck" time="0.544"/>
  <system-out/>
  <testcase classname="com.InterestAmount.testcases.loanAmountCalculatorUICheckTestcases" name="testinterestratetextbox" time="0.199"/>
  <system-out/>
  <testcase classname="com.InterestAmount.testcases.loanAmountCalculatorUICheckTestcases" name="testinterestrateslider" time="0.199"/>
  <system-out/>
  <testcase classname="com.InterestAmount.testcases.loanAmountCalculatorUICheckTestcases" name="close" time="4.313"/>
  <system-out/>
  <testcase classname="com.InterestAmount.testcases.loanAmountCalculatorUICheckTestcases" name="endReport" time="0.178"/>
  <system-out/>
</testsuite> <!-- com.InterestAmount.testcases.loanAmountCalculatorUICheckTestcases -->
