<?xml version="1.0" encoding="UTF-8"?>
<!-- Generated by org.testng.reporters.JUnitReportReporter -->
<testsuite hostname="Abhi" failures="0" tests="5" name="com.InterestAmount.testcases.carLoanTestCases" time="15.076" errors="0" timestamp="2021-04-18T22:54:51 IST" skipped="0">
  <testcase classname="com.InterestAmount.testcases.carLoanTestCases" name="openBrowsertestCase" time="10.789"/>
  <system-out/>
  <testcase classname="com.InterestAmount.testcases.carLoanTestCases" name="carEMIFormtestCase" time="1.842"/>
  <system-out/>
  <testcase classname="com.InterestAmount.testcases.carLoanTestCases" name="getdatatestcase" time="1.491"/>
  <system-out/>
  <testcase classname="com.InterestAmount.testcases.carLoanTestCases" name="closetestcase" time="0.331"/>
  <system-out/>
  <testcase classname="com.InterestAmount.testcases.carLoanTestCases" name="endReportestcase" time="0.623"/>
  <system-out/>
</testsuite> <!-- com.InterestAmount.testcases.carLoanTestCases -->
