<?xml version="1.0" encoding="UTF-8"?>
<!-- Generated by org.testng.reporters.JUnitReportReporter -->
<testsuite hostname="Abhi" failures="0" tests="16" name="com.InterestAmount.testcases.loanEMIUICheckTestCases" time="16.285" errors="0" timestamp="2021-04-18T22:54:51 IST" skipped="0">
  <testcase classname="com.InterestAmount.testcases.loanEMIUICheckTestCases" name="testopenBrowsertestCase" time="6.783"/>
  <system-out/>
  <testcase classname="com.InterestAmount.testcases.loanEMIUICheckTestCases" name="testloanemicalcnavigate" time="3.283"/>
  <system-out/>
  <testcase classname="com.InterestAmount.testcases.loanEMIUICheckTestCases" name="testloanamtslidercheck" time="0.621"/>
  <system-out/>
  <testcase classname="com.InterestAmount.testcases.loanEMIUICheckTestCases" name="testloanamtslider" time="0.261"/>
  <system-out/>
  <testcase classname="com.InterestAmount.testcases.loanEMIUICheckTestCases" name="testinterestrateslider" time="0.466"/>
  <system-out/>
  <testcase classname="com.InterestAmount.testcases.loanEMIUICheckTestCases" name="testloantermtextbox" time="0.334"/>
  <system-out/>
  <testcase classname="com.InterestAmount.testcases.loanEMIUICheckTestCases" name="testloantermslider" time="0.226"/>
  <system-out/>
  <testcase classname="com.InterestAmount.testcases.loanEMIUICheckTestCases" name="testloantermslidercheck" time="0.627"/>
  <system-out/>
  <testcase classname="com.InterestAmount.testcases.loanEMIUICheckTestCases" name="testfeeslidercheck" time="1.067"/>
  <system-out/>
  <testcase classname="com.InterestAmount.testcases.loanEMIUICheckTestCases" name="testfeechargesslider" time="0.458"/>
  <system-out/>
  <testcase classname="com.InterestAmount.testcases.loanEMIUICheckTestCases" name="testloanamttextbox" time="0.264"/>
  <system-out/>
  <testcase classname="com.InterestAmount.testcases.loanEMIUICheckTestCases" name="testfeechargestextbox" time="0.328"/>
  <system-out/>
  <testcase classname="com.InterestAmount.testcases.loanEMIUICheckTestCases" name="testinterestratetextbox" time="0.407"/>
  <system-out/>
  <testcase classname="com.InterestAmount.testcases.loanEMIUICheckTestCases" name="testinterestrateslidercheck" time="0.699"/>
  <system-out/>
  <testcase classname="com.InterestAmount.testcases.loanEMIUICheckTestCases" name="close" time="0.299"/>
  <system-out/>
  <testcase classname="com.InterestAmount.testcases.loanEMIUICheckTestCases" name="endReport" time="0.162"/>
  <system-out/>
</testsuite> <!-- com.InterestAmount.testcases.loanEMIUICheckTestCases -->
