<?xml version="1.0" encoding="UTF-8"?>
<!-- Generated by org.testng.reporters.JUnitReportReporter -->
<testsuite hostname="Abhi" failures="0" tests="5" name="com.InterestAmount.testcases.homeLoanTestCases" time="18.989" errors="0" timestamp="2021-04-18T22:54:51 IST" skipped="0">
  <testcase classname="com.InterestAmount.testcases.homeLoanTestCases" name="testopenBrowser" time="7.580"/>
  <system-out/>
  <testcase classname="com.InterestAmount.testcases.homeLoanTestCases" name="testHomeEmi" time="3.921"/>
  <system-out/>
  <testcase classname="com.InterestAmount.testcases.homeLoanTestCases" name="testdataexport" time="6.956"/>
  <system-out/>
  <testcase classname="com.InterestAmount.testcases.homeLoanTestCases" name="close" time="0.305"/>
  <system-out/>
  <testcase classname="com.InterestAmount.testcases.homeLoanTestCases" name="endReport" time="0.227"/>
  <system-out/>
</testsuite> <!-- com.InterestAmount.testcases.homeLoanTestCases -->
