<?xml version="1.0" encoding="UTF-8"?>
<!-- Generated by org.testng.reporters.JUnitReportReporter -->
<testsuite hostname="LAPTOP-Q72SAP8P" failures="0" tests="2" name="com.rest.test.TestGetCall" time="0.727" errors="0" timestamp="2024-02-07T08:06:26 IST" skipped="0">
  <testcase classname="com.rest.test.TestGetCall" name="testGetCallResponse" time="0.095"/>
  <testcase classname="com.rest.test.TestGetCall" name="testGetCall" time="0.632"/>
</testsuite> <!-- com.rest.test.TestGetCall -->
