<?xml version="1.0" encoding="UTF-8"?>
<!-- Generated by org.testng.reporters.JUnitReportReporter -->
<testsuite hostname="LAPTOP-E5R60N50" failures="0" tests="8" name="com.insurance.test.TravelInsurance_test" time="286.754" errors="0" timestamp="2021-05-23T23:56:26 IST" skipped="0">
  <testcase classname="com.insurance.test.TravelInsurance_test" name="openurl" time="7.670"/>
  <system-out/>
  <testcase classname="com.insurance.test.TravelInsurance_test" name="testone" time="46.295"/>
  <system-out/>
  <testcase classname="com.insurance.test.TravelInsurance_test" name="testone" time="45.686"/>
  <system-out/>
  <testcase classname="com.insurance.test.TravelInsurance_test" name="testone" time="47.127"/>
  <system-out/>
  <testcase classname="com.insurance.test.TravelInsurance_test" name="testtwo" time="46.972"/>
  <system-out/>
  <testcase classname="com.insurance.test.TravelInsurance_test" name="testtwo" time="46.034"/>
  <system-out/>
  <testcase classname="com.insurance.test.TravelInsurance_test" name="testtwo" time="46.260"/>
  <system-out/>
  <testcase classname="com.insurance.test.TravelInsurance_test" name="testthree" time="0.710"/>
  <system-out/>
</testsuite> <!-- com.insurance.test.TravelInsurance_test -->
