<?xml version="1.0" encoding="UTF-8"?>
<!-- Generated by org.testng.reporters.JUnitReportReporter -->
<testsuite hostname="LAPTOP-Q72SAP8P" failures="0" tests="1" name="basic.rest.getcall.VerifyResponse" time="2.553" errors="0" timestamp="2024-03-13T10:01:31 IST" skipped="0">
  <testcase classname="basic.rest.getcall.VerifyResponse" name="responseBody" time="2.553"/>
  <system-out/>
</testsuite> <!-- basic.rest.getcall.VerifyResponse -->
