<?xml version="1.0" encoding="UTF-8"?>
<!-- Generated by org.testng.reporters.JUnitReportReporter -->
<testsuite hostname="LAPTOP-Q72SAP8P" failures="0" tests="1" name="basic.rest.nestedJsonValidation.HandleJsonArray" time="4.131" errors="0" timestamp="2024-03-15T05:55:45 IST" skipped="0">
  <testcase classname="basic.rest.nestedJsonValidation.HandleJsonArray" name="responseBody" time="4.131"/>
  <system-out/>
</testsuite> <!-- basic.rest.nestedJsonValidation.HandleJsonArray -->
