<?xml version="1.0" encoding="UTF-8"?>
<!-- Generated by org.testng.reporters.JUnitReportReporter -->
<testsuite hostname="LAPTOP-Q72SAP8P" failures="0" tests="2" name="pojoClasses.DataSerializeandDeSerialize" time="0.347" errors="0" timestamp="2024-03-16T05:35:25 IST" skipped="0">
  <testcase classname="pojoClasses.DataSerializeandDeSerialize" name="getPojoFromObject" time="0.040"/>
  <system-out/>
  <testcase classname="pojoClasses.DataSerializeandDeSerialize" name="createDatafromPOJO" time="0.307"/>
  <system-out/>
</testsuite> <!-- pojoClasses.DataSerializeandDeSerialize -->
