<?xml version="1.0" encoding="UTF-8"?>
<!-- Generated by org.testng.reporters.JUnitReportReporter -->
<testsuite hostname="LAPTOP-Q72SAP8P" failures="0" tests="1" name="basic.rest.postcall.PostCallAutomation" time="6.367" errors="0" timestamp="2024-03-13T10:27:38 IST" skipped="0">
  <testcase classname="basic.rest.postcall.PostCallAutomation" name="postWithoutBody" time="6.367"/>
  <system-out/>
</testsuite> <!-- basic.rest.postcall.PostCallAutomation -->
