<?xml version="1.0" encoding="UTF-8"?>
<!-- Generated by org.testng.reporters.JUnitReportReporter -->
<testsuite hostname="LAPTOP-Q72SAP8P" failures="0" tests="1" name="basic.rest.postcall.PostCallWithBody" time="3.351" errors="0" timestamp="2024-01-09T08:49:22 IST" skipped="0">
  <testcase classname="basic.rest.postcall.PostCallWithBody" name="postWithoutBody" time="3.351"/>
  <system-out/>
</testsuite> <!-- basic.rest.postcall.PostCallWithBody -->
