<?xml version="1.0" encoding="UTF-8"?>
<!-- Generated by org.testng.reporters.JUnitReportReporter -->
<testsuite hostname="LAPTOP-Q72SAP8P" failures="0" tests="1" name="pojoClasses.JsonArraySerialization" time="0.520" errors="0" timestamp="2024-03-16T15:08:53 IST" skipped="0">
  <testcase classname="pojoClasses.JsonArraySerialization" name="createJsonArrayFromPOJO" time="0.520"/>
  <system-out/>
</testsuite> <!-- pojoClasses.JsonArraySerialization -->
