<?xml version="1.0" encoding="UTF-8"?>
<!-- Generated by org.testng.reporters.JUnitReportReporter -->
<testsuite hostname="LAPTOP-Q72SAP8P" failures="0" tests="1" name="FacebookLogin" time="0.014" errors="0" timestamp="2024-01-17T20:36:59 IST" skipped="0">
  <testcase classname="FacebookLogin" name="loginWithInvalidCred" time="0.014"/>
  <system-out/>
</testsuite> <!-- FacebookLogin -->
