<?xml version="1.0" encoding="UTF-8"?>
<!-- Generated by org.testng.reporters.JUnitReportReporter -->
<testsuite hostname="LAPTOP-Q72SAP8P" failures="0" tests="1" name="SampleTest" time="0.007" errors="0" timestamp="2024-01-15T19:08:03 IST" skipped="0">
  <testcase classname="SampleTest" name="printTEst" time="0.007"/>
  <system-out/>
</testsuite> <!-- SampleTest -->
