<?xml version="1.0" encoding="UTF-8"?>
<!-- Generated by org.testng.reporters.JUnitReportReporter -->
<testsuite hostname="LAPTOP-Q72SAP8P" failures="0" tests="2" name="com.testng.training.SampleClassTwo" time="0.004" errors="0" timestamp="2024-01-17T18:36:45 IST" skipped="0">
  <testcase classname="com.testng.training.SampleClassTwo" name="sameTestTwoMethodTwo" time="0.002"/>
  <system-out/>
  <testcase classname="com.testng.training.SampleClassTwo" name="sampleTestTwoMethodOne" time="0.002"/>
  <system-out/>
</testsuite> <!-- com.testng.training.SampleClassTwo -->
