<?xml version="1.0" encoding="UTF-8"?>
<!-- Generated by org.testng.reporters.JUnitReportReporter -->
<testsuite hostname="LAPTOP-Q72SAP8P" failures="0" tests="2" name="FacebookProfile" time="0.007" errors="0" timestamp="2024-01-17T18:36:45 IST" skipped="0">
  <testcase classname="FacebookProfile" name="checkProfileLogo" time="0.003"/>
  <system-out/>
  <testcase classname="FacebookProfile" name="checkProfileLink" time="0.004"/>
  <system-out/>
</testsuite> <!-- FacebookProfile -->
