<?xml version="1.0" encoding="UTF-8"?>
<!-- Generated by org.testng.reporters.JUnitReportReporter -->
<testsuite skipped="0" hostname="LAPTOP-Q72SAP8P" name="com.dataDriven.frmeWork.test.loginTest.ZohoLoginTest" tests="3" failures="0" timestamp="2021-05-11T16:24:36 IST" time="141.302" errors="0">
  <testcase name="doZohoLoginTest" time="31.961" classname="com.dataDriven.frmeWork.test.loginTest.ZohoLoginTest"/>
  <system-out/>
  <testcase name="doZohoLoginTest" time="76.058" classname="com.dataDriven.frmeWork.test.loginTest.ZohoLoginTest"/>
  <system-out/>
  <testcase name="doZohoLoginTest" time="33.283" classname="com.dataDriven.frmeWork.test.loginTest.ZohoLoginTest"/>
  <system-out/>
</testsuite> <!-- com.dataDriven.frmeWork.test.loginTest.ZohoLoginTest -->
