<?xml version="1.0" encoding="UTF-8"?>
<!-- Generated by org.testng.reporters.JUnitReportReporter -->
<testsuite skipped="0" hostname="LAPTOP-Q72SAP8P" name="com.dataDriven.frmeWork.test.loginTest.LoginTest" tests="6" failures="0" timestamp="2021-05-11T15:08:34 IST" time="347.037" errors="0">
  <testcase name="testOne" time="48.090" classname="com.dataDriven.frmeWork.test.loginTest.LoginTest"/>
  <system-out/>
  <testcase name="testOne" time="88.290" classname="com.dataDriven.frmeWork.test.loginTest.LoginTest"/>
  <system-out/>
  <testcase name="testOne" time="59.662" classname="com.dataDriven.frmeWork.test.loginTest.LoginTest"/>
  <system-out/>
  <testcase name="testOne" time="64.739" classname="com.dataDriven.frmeWork.test.loginTest.LoginTest"/>
  <system-out/>
  <testcase name="testOne" time="59.584" classname="com.dataDriven.frmeWork.test.loginTest.LoginTest"/>
  <system-out/>
  <testcase name="testOne" time="26.672" classname="com.dataDriven.frmeWork.test.loginTest.LoginTest"/>
  <system-out/>
</testsuite> <!-- com.dataDriven.frmeWork.test.loginTest.LoginTest -->
