<?xml version="1.0" encoding="UTF-8"?>
<!-- Generated by org.testng.reporters.JUnitReportReporter -->
<testsuite hostname="LAPTOP-Q72SAP8P" failures="0" tests="2" name="basic.testcase.SampleLoggingGenerator" time="0.174" errors="0" timestamp="2024-01-14T18:54:29 IST" skipped="0">
  <testcase classname="basic.testcase.SampleLoggingGenerator" name="rest_test02" time="0.006"/>
  <system-out/>
  <testcase classname="basic.testcase.SampleLoggingGenerator" name="rest_test01" time="0.168"/>
  <system-out/>
</testsuite> <!-- basic.testcase.SampleLoggingGenerator -->
