<?xml version="1.0" encoding="UTF-8"?>
<!-- Generated by org.testng.reporters.JUnitReportReporter -->
<testsuite hostname="LAPTOP-Q72SAP8P" failures="0" tests="4" name="basic.testcase.CreateRepoTest" time="8.467" errors="0" timestamp="2024-01-15T18:02:08 IST" skipped="0">
  <testcase classname="basic.testcase.CreateRepoTest" name="createRepoTestCase" time="4.932"/>
  <system-out/>
  <testcase classname="basic.testcase.CreateRepoTest" name="createRepoTest" time="1.879"/>
  <system-out/>
  <testcase classname="basic.testcase.CreateRepoTest" name="deleteRepo" time="0.849"/>
  <system-out/>
  <testcase classname="basic.testcase.CreateRepoTest" name="deleteRepoPOJO" time="0.807"/>
  <system-out/>
</testsuite> <!-- basic.testcase.CreateRepoTest -->
