<?xml version="1.0" encoding="UTF-8"?>
<!-- Generated by org.testng.reporters.JUnitReportReporter -->
<testsuite skipped="0" hostname="LAPTOP-Q72SAP8P" name="HandleBrowserWindows.MultiWindowHandles.HandleWindows" tests="1" failures="0" timestamp="2021-06-11T18:46:55 IST" time="23.892" errors="0">
  <testcase name="testOne" time="23.892" classname="HandleBrowserWindows.MultiWindowHandles.HandleWindows"/>
  <system-out/>
</testsuite> <!-- HandleBrowserWindows.MultiWindowHandles.HandleWindows -->
