<?xml version="1.0" encoding="UTF-8"?>
<!-- Generated by org.testng.reporters.JUnitReportReporter -->
<testsuite hostname="LAPTOP-Q72SAP8P" failures="0" tests="2" name="com.testng.training.SamplClassTwo" time="0.002" errors="0" timestamp="2024-01-24T22:25:15 IST" skipped="0">
  <testcase classname="com.testng.training.SamplClassTwo" name="sampleTestTwoMethodOne" time="0.001"/>
  <system-out/>
  <testcase classname="com.testng.training.SamplClassTwo" name="sampleTestTwoMethodTwo" time="0.001"/>
  <system-out/>
</testsuite> <!-- com.testng.training.SamplClassTwo -->
