<?xml version="1.0" encoding="UTF-8"?>
<!-- Generated by org.testng.reporters.JUnitReportReporter -->
<testsuite hostname="LAPTOP-Q72SAP8P" failures="0" tests="1" name="executionorder.AnnotationsTest" time="0.015" errors="0" timestamp="2024-01-18T21:34:12 IST" skipped="0">
  <testcase classname="executionorder.AnnotationsTest" name="first" time="0.015"/>
  <system-out/>
</testsuite> <!-- executionorder.AnnotationsTest -->
