<?xml version="1.0" encoding="UTF-8"?>
<!-- Generated by org.testng.reporters.JUnitReportReporter -->
<testsuite hostname="LAPTOP-Q72SAP8P" failures="0" tests="3" name="FaceBookLogin" time="0.010" errors="0" timestamp="2024-01-24T22:25:15 IST" skipped="0">
  <testcase classname="FaceBookLogin" name="loginWithValidCredentials" time="0.001"/>
  <system-out/>
  <testcase classname="FaceBookLogin" name="loginWithInValidCredentials" time="0.007"/>
  <system-out/>
  <testcase classname="FaceBookLogin" name="loginWithInValidUserName" time="0.002"/>
  <system-out/>
</testsuite> <!-- FaceBookLogin -->
