<?xml version="1.0" encoding="UTF-8"?>
<!-- Generated by org.testng.reporters.JUnitReportReporter -->
<testsuite hostname="LAPTOP-Q72SAP8P" failures="0" tests="4" name="com.testng.training.TestCaseGrouping" time="0.003" errors="0" timestamp="2024-01-24T22:25:15 IST" skipped="0">
  <testcase classname="com.testng.training.TestCaseGrouping" name="testCaseTwo" time="0.000"/>
  <system-out/>
  <testcase classname="com.testng.training.TestCaseGrouping" name="testCaseFour" time="0.001"/>
  <system-out/>
  <testcase classname="com.testng.training.TestCaseGrouping" name="testCaseThree" time="0.001"/>
  <system-out/>
  <testcase classname="com.testng.training.TestCaseGrouping" name="testCaseOne" time="0.001"/>
  <system-out/>
</testsuite> <!-- com.testng.training.TestCaseGrouping -->
