<?xml version="1.0" encoding="UTF-8"?>
<!-- Generated by org.testng.reporters.JUnitReportReporter -->
<testsuite hostname="LAPTOP-Q72SAP8P" failures="0" tests="1" name="com.testng.dataprovider.DataProviderIntegrationExample" time="0.003" errors="0" timestamp="2024-01-18T21:34:12 IST" skipped="0">
  <testcase classname="com.testng.dataprovider.DataProviderIntegrationExample" name="integrationTest" time="0.003"/>
  <system-out/>
</testsuite> <!-- com.testng.dataprovider.DataProviderIntegrationExample -->
