<?xml version="1.0" encoding="UTF-8"?>
<!-- Generated by org.testng.reporters.JUnitReportReporter -->
<testsuite hostname="LAPTOP-Q72SAP8P" failures="0" tests="4" name="com.testng.training.SkippingExample" time="0.002" errors="0" timestamp="2024-01-24T22:25:15 IST" skipped="2">
  <testcase classname="com.testng.training.SkippingExample" name="testFour" time="0.001"/>
  <system-out/>
  <testcase classname="com.testng.training.SkippingExample" name="testThree" time="0.001">
    <skipped/>
  </testcase> <!-- testThree -->
  <system-out/>
  <testcase classname="com.testng.training.SkippingExample" name="testOne" time="0.000"/>
  <system-out/>
  <testcase classname="com.testng.training.SkippingExample" name="testTwo">
    <skipped/>
  </testcase> <!-- testTwo -->
  <system-out/>
</testsuite> <!-- com.testng.training.SkippingExample -->
