<?xml version="1.0" encoding="UTF-8"?>
<!-- Generated by org.testng.reporters.JUnitReportReporter -->
<testsuite skipped="0" hostname="LAPTOP-Q72SAP8P" name="com.selenium.miniProject.HandleBrowserWindows" tests="1" failures="0" timestamp="2021-05-02T12:14:07 IST" time="38.563" errors="0">
  <testcase name="mainMethod" time="38.563" classname="com.selenium.miniProject.HandleBrowserWindows"/>
  <system-out/>
</testsuite> <!-- com.selenium.miniProject.HandleBrowserWindows -->
