<?xml version="1.0" encoding="UTF-8"?>
<!-- Generated by org.testng.reporters.JUnitReportReporter -->
<testsuite hostname="LAPTOP-Q72SAP8P" failures="0" tests="1" name="com.selenium.waits.PageLoadTimeOut" time="35.655" errors="0" timestamp="2024-01-27T18:43:04 IST" skipped="0">
  <testcase classname="com.selenium.waits.PageLoadTimeOut" name="pageLoadTimeOutTest" time="35.655"/>
  <system-out/>
</testsuite> <!-- com.selenium.waits.PageLoadTimeOut -->
