<?xml version="1.0" encoding="UTF-8"?>
<!-- Generated by org.testng.reporters.JUnitReportReporter -->
<testsuite hostname="LAPTOP-Q72SAP8P" failures="0" tests="1" name="com.selenium.master2.MultiSelectDropDown" time="26.776" errors="0" timestamp="2024-01-28T18:28:06 IST" skipped="0">
  <testcase classname="com.selenium.master2.MultiSelectDropDown" name="selectMultipleDropDown" time="26.776"/>
  <system-out/>
</testsuite> <!-- com.selenium.master2.MultiSelectDropDown -->
