<?xml version="1.0" encoding="UTF-8"?>
<!-- Generated by org.testng.reporters.JUnitReportReporter -->
<testsuite hostname="LAPTOP-Q72SAP8P" failures="0" tests="1" name="com.selenium.master1.FindBrokenLinks" time="110.682" errors="0" timestamp="2024-01-28T08:11:07 IST" skipped="0">
  <testcase classname="com.selenium.master1.FindBrokenLinks" name="findBrokenLinks" time="110.682"/>
  <system-out/>
</testsuite> <!-- com.selenium.master1.FindBrokenLinks -->
