<?xml version="1.0" encoding="UTF-8"?>
<!-- Generated by org.testng.reporters.JUnitReportReporter -->
<testsuite hostname="LAPTOP-Q72SAP8P" failures="0" tests="1" name="com.selenium.webelement.FindElementClass" time="34.435" errors="0" timestamp="2024-01-27T06:55:49 IST" skipped="0">
  <testcase classname="com.selenium.webelement.FindElementClass" name="findElementTest" time="34.435"/>
  <system-out/>
</testsuite> <!-- com.selenium.webelement.FindElementClass -->
