<?xml version="1.0" encoding="UTF-8"?>
<!-- Generated by org.testng.reporters.JUnitReportReporter -->
<testsuite hostname="LAPTOP-Q72SAP8P" failures="0" tests="1" name="com.selenium.waits.ImplicitWait" time="6.234" errors="0" timestamp="2024-01-27T19:14:41 IST" skipped="0">
  <testcase classname="com.selenium.waits.ImplicitWait" name="implicitWaitTest" time="6.234"/>
  <system-out/>
</testsuite> <!-- com.selenium.waits.ImplicitWait -->
