<?xml version="1.0" encoding="UTF-8"?>
<!-- Generated by org.testng.reporters.JUnitReportReporter -->
<testsuite hostname="LAPTOP-Q72SAP8P" failures="0" tests="1" name="com.selenium.master3.HandleWebTable" time="21.019" errors="0" timestamp="2024-01-29T07:07:23 IST" skipped="0">
  <testcase classname="com.selenium.master3.HandleWebTable" name="manageWebTable" time="21.019"/>
  <system-out/>
</testsuite> <!-- com.selenium.master3.HandleWebTable -->
