<?xml version="1.0" encoding="UTF-8"?>
<!-- Generated by org.testng.reporters.JUnitReportReporter -->
<testsuite skipped="0" hostname="LAPTOP-Q72SAP8P" name="com.selenium.master3.HandleAutoSuggest" tests="1" failures="0" timestamp="2021-05-07T11:29:51 IST" time="12.235" errors="0">
  <testcase name="testAutoSuggest" time="12.235" classname="com.selenium.master3.HandleAutoSuggest"/>
  <system-out/>
</testsuite> <!-- com.selenium.master3.HandleAutoSuggest -->
