<?xml version="1.0" encoding="UTF-8"?>
<!-- Generated by org.testng.reporters.JUnitReportReporter -->
<testsuite hostname="LAPTOP-Q72SAP8P" failures="0" tests="1" name="com.selenium.webelement.XPathClass" time="6.998" errors="0" timestamp="2024-01-27T07:16:36 IST" skipped="0">
  <testcase classname="com.selenium.webelement.XPathClass" name="absoluteXpath" time="6.998"/>
  <system-out/>
</testsuite> <!-- com.selenium.webelement.XPathClass -->
