<?xml version="1.0" encoding="UTF-8"?>
<!-- Generated by org.testng.reporters.JUnitReportReporter -->
<testsuite skipped="0" hostname="LAPTOP-Q72SAP8P" name="com.liveProject.CreatePortfolio" tests="1" failures="0" timestamp="2021-05-06T17:27:31 IST" time="40.825" errors="0">
  <testcase name="loginRediff" time="40.825" classname="com.liveProject.CreatePortfolio"/>
  <system-out/>
</testsuite> <!-- com.liveProject.CreatePortfolio -->
