<?xml version="1.0" encoding="UTF-8"?>
<!-- Generated by org.testng.reporters.JUnitReportReporter -->
<testsuite skipped="0" hostname="LAPTOP-Q72SAP8P" name="com.liveProject.LoginTest" tests="1" failures="0" timestamp="2021-05-06T17:13:32 IST" time="60.803" errors="0">
  <testcase name="loginRediff" time="60.803" classname="com.liveProject.LoginTest"/>
  <system-out/>
</testsuite> <!-- com.liveProject.LoginTest -->
