<?xml version="1.0" encoding="UTF-8"?>
<!-- Generated by org.testng.reporters.JUnitReportReporter -->
<testsuite skipped="0" hostname="LAPTOP-Q72SAP8P" name="com.selenium.miniProject.HandleBrowserWindows" tests="1" failures="0" timestamp="2021-05-01T22:49:03 IST" time="54.822" errors="0">
  <testcase name="mainMethod" time="54.822" classname="com.selenium.miniProject.HandleBrowserWindows"/>
  <system-out/>
</testsuite> <!-- com.selenium.miniProject.HandleBrowserWindows -->
