<?xml version="1.0" encoding="UTF-8"?>
<!-- Generated by org.testng.reporters.JUnitReportReporter -->
<testsuite hostname="LAPTOP-Q72SAP8P" failures="0" tests="1" name="com.selenium.master2.HandleAlerts" time="23.481" errors="0" timestamp="2024-01-29T06:02:26 IST" skipped="0">
  <testcase classname="com.selenium.master2.HandleAlerts" name="handleJavaScriptAlerts" time="23.481"/>
  <system-out/>
</testsuite> <!-- com.selenium.master2.HandleAlerts -->
