<?xml version="1.0" encoding="UTF-8"?>
<!-- Generated by org.testng.reporters.JUnitReportReporter -->
<testsuite hostname="LAPTOP-Q72SAP8P" failures="0" tests="1" name="com.selenium.master1.ExtractTextInSelenium" time="11.822" errors="0" timestamp="2024-01-28T07:42:42 IST" skipped="0">
  <testcase classname="com.selenium.master1.ExtractTextInSelenium" name="textExtract" time="11.822"/>
  <system-out/>
</testsuite> <!-- com.selenium.master1.ExtractTextInSelenium -->
