<?xml version="1.0" encoding="UTF-8"?>
<!-- Generated by org.testng.reporters.JUnitReportReporter -->
<testsuite skipped="0" hostname="LAPTOP-Q72SAP8P" name="com.liveProject.CreateAndVerifyPortfolio" tests="1" failures="0" timestamp="2021-05-08T19:11:25 IST" time="43.391" errors="0">
  <testcase name="testCreatePortfolio" time="43.391" classname="com.liveProject.CreateAndVerifyPortfolio"/>
  <system-out/>
</testsuite> <!-- com.liveProject.CreateAndVerifyPortfolio -->
