<?xml version="1.0" encoding="UTF-8"?>
<!-- Generated by org.testng.reporters.JUnitReportReporter -->
<testsuite hostname="LAPTOP-Q72SAP8P" failures="0" tests="1" name="com.selenium.master2.SelectDropDown" time="21.081" errors="0" timestamp="2024-01-28T10:15:50 IST" skipped="0">
  <testcase classname="com.selenium.master2.SelectDropDown" name="selectDOB" time="21.081"/>
  <system-out/>
</testsuite> <!-- com.selenium.master2.SelectDropDown -->
