<?xml version="1.0" encoding="UTF-8"?>
<!-- Generated by org.testng.reporters.JUnitReportReporter -->
<testsuite hostname="LAPTOP-Q72SAP8P" failures="0" tests="5" name="com.selenium.waits.ExplicitWait" time="62.336" errors="0" timestamp="2024-01-27T19:31:50 IST" skipped="0">
  <testcase classname="com.selenium.waits.ExplicitWait" name="verifyElementSelected" time="13.054"/>
  <system-out/>
  <testcase classname="com.selenium.waits.ExplicitWait" name="verifyAlert" time="7.971"/>
  <system-out/>
  <testcase classname="com.selenium.waits.ExplicitWait" name="verifyElementClickable" time="15.085"/>
  <system-out/>
  <testcase classname="com.selenium.waits.ExplicitWait" name="verifyPresentText" time="13.042"/>
  <system-out/>
  <testcase classname="com.selenium.waits.ExplicitWait" name="verifyElementVisibility" time="13.184"/>
  <system-out/>
</testsuite> <!-- com.selenium.waits.ExplicitWait -->
