<?xml version="1.0" encoding="UTF-8"?>
<!-- Generated by org.testng.reporters.JUnitReportReporter -->
<testsuite hostname="LAPTOP-Q72SAP8P" failures="0" tests="1" name="com.selenium.basic.FirstSeleniumTest" time="18.071" errors="0" timestamp="2024-01-26T15:21:23 IST" skipped="0">
  <testcase classname="com.selenium.basic.FirstSeleniumTest" name="verifyLinkedinHomePage" time="18.071"/>
  <system-out/>
</testsuite> <!-- com.selenium.basic.FirstSeleniumTest -->
