<?xml version="1.0" encoding="UTF-8"?>
<!-- Generated by org.testng.reporters.JUnitReportReporter -->
<testsuite hostname="LAPTOP-Q72SAP8P" failures="0" tests="1" name="com.selenium.basic.InvokeOtherBrowsers" time="10.168" errors="0" timestamp="2024-01-26T15:36:10 IST" skipped="0">
  <testcase classname="com.selenium.basic.InvokeOtherBrowsers" name="verifyLinkedinHomePage" time="10.168"/>
  <system-out/>
</testsuite> <!-- com.selenium.basic.InvokeOtherBrowsers -->
