<?xml version="1.0" encoding="UTF-8"?>
<!-- Generated by org.testng.reporters.JUnitReportReporter -->
<testsuite skipped="0" hostname="LAPTOP-Q72SAP8P" name="com.selenium.assignments.SliderControl" tests="1" failures="0" timestamp="2021-05-23T14:04:09 IST" time="4.854" errors="0">
  <testcase name="ready" time="4.854" classname="com.selenium.assignments.SliderControl"/>
  <system-out/>
</testsuite> <!-- com.selenium.assignments.SliderControl -->
