<?xml version="1.0" encoding="UTF-8"?>
<!-- Generated by org.testng.reporters.JUnitReportReporter -->
<testsuite hostname="LAPTOP-Q72SAP8P" failures="0" tests="1" name="com.selenium.master3.ManageJavaScriptExecutor" time="15.505" errors="0" timestamp="2024-01-29T07:39:17 IST" skipped="0">
  <testcase classname="com.selenium.master3.ManageJavaScriptExecutor" name="testJavaScriptExecutor" time="15.505"/>
  <system-out/>
</testsuite> <!-- com.selenium.master3.ManageJavaScriptExecutor -->
