<?xml version="1.0" encoding="UTF-8"?>
<!-- Generated by org.testng.reporters.JUnitReportReporter -->
<testsuite hostname="LAPTOP-Q72SAP8P" failures="0" tests="3" name="com.selenium.master1.VerifyWebElementPresence" time="14.391" errors="0" timestamp="2024-01-28T09:50:19 IST" skipped="0">
  <testcase classname="com.selenium.master1.VerifyWebElementPresence" name="verifyElementDisplay" time="6.255"/>
  <system-out/>
  <testcase classname="com.selenium.master1.VerifyWebElementPresence" name="verifyElementisEnabled" time="2.754"/>
  <system-out/>
  <testcase classname="com.selenium.master1.VerifyWebElementPresence" name="verifyisSelected" time="5.382"/>
  <system-out/>
</testsuite> <!-- com.selenium.master1.VerifyWebElementPresence -->
