<?xml version="1.0" encoding="UTF-8"?>
<!-- Generated by org.testng.reporters.JUnitReportReporter -->
<testsuite skipped="0" hostname="LAPTOP-Q72SAP8P" name="com.selenium.assignments.Registration" tests="1" failures="0" timestamp="2021-05-01T22:42:13 IST" time="23.908" errors="0">
  <testcase name="mainMethod" time="23.908" classname="com.selenium.assignments.Registration"/>
  <system-out/>
</testsuite> <!-- com.selenium.assignments.Registration -->
