<?xml version="1.0" encoding="UTF-8"?>
<!-- Generated by org.testng.reporters.JUnitReportReporter -->
<testsuite skipped="0" hostname="LAPTOP-Q72SAP8P" name="com.selenium.master2.HandleDragAndDrop" tests="1" failures="0" timestamp="2021-05-15T13:38:59 IST" time="27.602" errors="0">
  <testcase name="drag" time="27.602" classname="com.selenium.master2.HandleDragAndDrop"/>
  <system-out/>
</testsuite> <!-- com.selenium.master2.HandleDragAndDrop -->
