<?xml version="1.0" encoding="UTF-8"?>
<testsuite xmlns:xsi="http://www.w3.org/2001/XMLSchema-instance" xsi:noNamespaceSchemaLocation="https://maven.apache.org/surefire/maven-surefire-plugin/xsd/surefire-test-report-3.0.xsd" version="3.0" name="TestSuite" time="290.755" tests="8" errors="0" skipped="0" failures="0">
  <properties>
    <property name="sun.desktop" value="windows"/>
    <property name="awt.toolkit" value="sun.awt.windows.WToolkit"/>
    <property name="java.specification.version" value="11"/>
    <property name="webdriver.chrome.driver" value="C:\Users\Priyaveena\Documents\Travelinsurance\src\test\resources\Drivers\chromedriver.exe"/>
    <property name="sun.cpu.isalist" value="amd64"/>
    <property name="sun.jnu.encoding" value="Cp1252"/>
    <property name="java.class.path" value="C:\Users\Priyaveena\Documents\Travelinsurance\target\test-classes;C:\Users\Priyaveena\Documents\Travelinsurance\target\classes;C:\WINDOWS\system32\config\systemprofile\.m2\repository\org\seleniumhq\selenium\selenium-java\3.141.59\selenium-java-3.141.59.jar;C:\WINDOWS\system32\config\systemprofile\.m2\repository\org\seleniumhq\selenium\selenium-api\3.141.59\selenium-api-3.141.59.jar;C:\WINDOWS\system32\config\systemprofile\.m2\repository\org\seleniumhq\selenium\selenium-chrome-driver\3.141.59\selenium-chrome-driver-3.141.59.jar;C:\WINDOWS\system32\config\systemprofile\.m2\repository\org\seleniumhq\selenium\selenium-edge-driver\3.141.59\selenium-edge-driver-3.141.59.jar;C:\WINDOWS\system32\config\systemprofile\.m2\repository\org\seleniumhq\selenium\selenium-firefox-driver\3.141.59\selenium-firefox-driver-3.141.59.jar;C:\WINDOWS\system32\config\systemprofile\.m2\repository\org\seleniumhq\selenium\selenium-ie-driver\3.141.59\selenium-ie-driver-3.141.59.jar;C:\WINDOWS\system32\config\systemprofile\.m2\repository\org\seleniumhq\selenium\selenium-opera-driver\3.141.59\selenium-opera-driver-3.141.59.jar;C:\WINDOWS\system32\config\systemprofile\.m2\repository\org\seleniumhq\selenium\selenium-remote-driver\3.141.59\selenium-remote-driver-3.141.59.jar;C:\WINDOWS\system32\config\systemprofile\.m2\repository\org\seleniumhq\selenium\selenium-safari-driver\3.141.59\selenium-safari-driver-3.141.59.jar;C:\WINDOWS\system32\config\systemprofile\.m2\repository\org\seleniumhq\selenium\selenium-support\3.141.59\selenium-support-3.141.59.jar;C:\WINDOWS\system32\config\systemprofile\.m2\repository\net\bytebuddy\byte-buddy\1.8.15\byte-buddy-1.8.15.jar;C:\WINDOWS\system32\config\systemprofile\.m2\repository\org\apache\commons\commons-exec\1.3\commons-exec-1.3.jar;C:\WINDOWS\system32\config\systemprofile\.m2\repository\com\google\guava\guava\25.0-jre\guava-25.0-jre.jar;C:\WINDOWS\system32\config\systemprofile\.m2\repository\com\google\code\findbugs\jsr305\1.3.9\jsr305-1.3.9.jar;C:\WINDOWS\system32\config\systemprofile\.m2\repository\org\checkerframework\checker-compat-qual\2.0.0\checker-compat-qual-2.0.0.jar;C:\WINDOWS\system32\config\systemprofile\.m2\repository\com\google\errorprone\error_prone_annotations\2.1.3\error_prone_annotations-2.1.3.jar;C:\WINDOWS\system32\config\systemprofile\.m2\repository\com\google\j2objc\j2objc-annotations\1.1\j2objc-annotations-1.1.jar;C:\WINDOWS\system32\config\systemprofile\.m2\repository\org\codehaus\mojo\animal-sniffer-annotations\1.14\animal-sniffer-annotations-1.14.jar;C:\WINDOWS\system32\config\systemprofile\.m2\repository\com\squareup\okhttp3\okhttp\3.11.0\okhttp-3.11.0.jar;C:\WINDOWS\system32\config\systemprofile\.m2\repository\com\squareup\okio\okio\1.14.0\okio-1.14.0.jar;C:\WINDOWS\system32\config\systemprofile\.m2\repository\junit\junit\4.13.2\junit-4.13.2.jar;C:\WINDOWS\system32\config\systemprofile\.m2\repository\org\hamcrest\hamcrest-core\1.3\hamcrest-core-1.3.jar;C:\WINDOWS\system32\config\systemprofile\.m2\repository\org\testng\testng\7.4.0\testng-7.4.0.jar;C:\WINDOWS\system32\config\systemprofile\.m2\repository\com\beust\jcommander\1.78\jcommander-1.78.jar;C:\WINDOWS\system32\config\systemprofile\.m2\repository\org\webjars\jquery\3.5.1\jquery-3.5.1.jar;C:\WINDOWS\system32\config\systemprofile\.m2\repository\com\aventstack\extentreports\3.1.5\extentreports-3.1.5.jar;C:\WINDOWS\system32\config\systemprofile\.m2\repository\org\freemarker\freemarker\2.3.23\freemarker-2.3.23.jar;C:\WINDOWS\system32\config\systemprofile\.m2\repository\org\mongodb\mongodb-driver\3.3.0\mongodb-driver-3.3.0.jar;C:\WINDOWS\system32\config\systemprofile\.m2\repository\org\mongodb\bson\3.3.0\bson-3.3.0.jar;C:\WINDOWS\system32\config\systemprofile\.m2\repository\org\mongodb\mongodb-driver-core\3.3.0\mongodb-driver-core-3.3.0.jar;C:\WINDOWS\system32\config\systemprofile\.m2\repository\org\apache\httpcomponents\httpclient\4.5.2\httpclient-4.5.2.jar;C:\WINDOWS\system32\config\systemprofile\.m2\repository\org\apache\httpcomponents\httpcore\4.4.4\httpcore-4.4.4.jar;C:\WINDOWS\system32\config\systemprofile\.m2\repository\commons-logging\commons-logging\1.2\commons-logging-1.2.jar;C:\WINDOWS\system32\config\systemprofile\.m2\repository\org\apache\httpcomponents\httpmime\4.5.2\httpmime-4.5.2.jar;C:\WINDOWS\system32\config\systemprofile\.m2\repository\org\jsoup\jsoup\1.9.2\jsoup-1.9.2.jar;C:\WINDOWS\system32\config\systemprofile\.m2\repository\com\google\code\gson\gson\2.8.0\gson-2.8.0.jar;C:\WINDOWS\system32\config\systemprofile\.m2\repository\commons-io\commons-io\1.3.2\commons-io-1.3.2.jar;C:\WINDOWS\system32\config\systemprofile\.m2\repository\org\apache\poi\poi\4.1.0\poi-4.1.0.jar;C:\WINDOWS\system32\config\systemprofile\.m2\repository\commons-codec\commons-codec\1.12\commons-codec-1.12.jar;C:\WINDOWS\system32\config\systemprofile\.m2\repository\org\apache\commons\commons-collections4\4.3\commons-collections4-4.3.jar;C:\WINDOWS\system32\config\systemprofile\.m2\repository\org\apache\commons\commons-math3\3.6.1\commons-math3-3.6.1.jar;C:\WINDOWS\system32\config\systemprofile\.m2\repository\org\apache\poi\poi-ooxml\4.1.0\poi-ooxml-4.1.0.jar;C:\WINDOWS\system32\config\systemprofile\.m2\repository\org\apache\poi\poi-ooxml-schemas\4.1.0\poi-ooxml-schemas-4.1.0.jar;C:\WINDOWS\system32\config\systemprofile\.m2\repository\org\apache\xmlbeans\xmlbeans\3.1.0\xmlbeans-3.1.0.jar;C:\WINDOWS\system32\config\systemprofile\.m2\repository\org\apache\commons\commons-compress\1.18\commons-compress-1.18.jar;C:\WINDOWS\system32\config\systemprofile\.m2\repository\com\github\virtuald\curvesapi\1.06\curvesapi-1.06.jar;"/>
    <property name="java.vm.vendor" value="Oracle Corporation"/>
    <property name="sun.arch.data.model" value="64"/>
    <property name="user.variant" value=""/>
    <property name="java.vendor.url" value="https://openjdk.java.net/"/>
    <property name="user.timezone" value="Asia/Calcutta"/>
    <property name="java.vm.specification.version" value="11"/>
    <property name="os.name" value="Windows 10"/>
    <property name="sun.java.launcher" value="SUN_STANDARD"/>
    <property name="user.country" value="US"/>
    <property name="sun.boot.library.path" value="C:\Program Files\Java\jdk-11.0.11\bin"/>
    <property name="sun.java.command" value="C:\Windows\Temp\surefire8817838257763716566\surefirebooter1332289825691790232.jar C:\Windows\Temp\surefire8817838257763716566 2021-05-23T23-51-33_441-jvmRun1 surefire4886752591944098108tmp surefire_011200385408573875092tmp"/>
    <property name="jdk.debug" value="release"/>
    <property name="surefire.test.class.path" value="C:\Users\Priyaveena\Documents\Travelinsurance\target\test-classes;C:\Users\Priyaveena\Documents\Travelinsurance\target\classes;C:\WINDOWS\system32\config\systemprofile\.m2\repository\org\seleniumhq\selenium\selenium-java\3.141.59\selenium-java-3.141.59.jar;C:\WINDOWS\system32\config\systemprofile\.m2\repository\org\seleniumhq\selenium\selenium-api\3.141.59\selenium-api-3.141.59.jar;C:\WINDOWS\system32\config\systemprofile\.m2\repository\org\seleniumhq\selenium\selenium-chrome-driver\3.141.59\selenium-chrome-driver-3.141.59.jar;C:\WINDOWS\system32\config\systemprofile\.m2\repository\org\seleniumhq\selenium\selenium-edge-driver\3.141.59\selenium-edge-driver-3.141.59.jar;C:\WINDOWS\system32\config\systemprofile\.m2\repository\org\seleniumhq\selenium\selenium-firefox-driver\3.141.59\selenium-firefox-driver-3.141.59.jar;C:\WINDOWS\system32\config\systemprofile\.m2\repository\org\seleniumhq\selenium\selenium-ie-driver\3.141.59\selenium-ie-driver-3.141.59.jar;C:\WINDOWS\system32\config\systemprofile\.m2\repository\org\seleniumhq\selenium\selenium-opera-driver\3.141.59\selenium-opera-driver-3.141.59.jar;C:\WINDOWS\system32\config\systemprofile\.m2\repository\org\seleniumhq\selenium\selenium-remote-driver\3.141.59\selenium-remote-driver-3.141.59.jar;C:\WINDOWS\system32\config\systemprofile\.m2\repository\org\seleniumhq\selenium\selenium-safari-driver\3.141.59\selenium-safari-driver-3.141.59.jar;C:\WINDOWS\system32\config\systemprofile\.m2\repository\org\seleniumhq\selenium\selenium-support\3.141.59\selenium-support-3.141.59.jar;C:\WINDOWS\system32\config\systemprofile\.m2\repository\net\bytebuddy\byte-buddy\1.8.15\byte-buddy-1.8.15.jar;C:\WINDOWS\system32\config\systemprofile\.m2\repository\org\apache\commons\commons-exec\1.3\commons-exec-1.3.jar;C:\WINDOWS\system32\config\systemprofile\.m2\repository\com\google\guava\guava\25.0-jre\guava-25.0-jre.jar;C:\WINDOWS\system32\config\systemprofile\.m2\repository\com\google\code\findbugs\jsr305\1.3.9\jsr305-1.3.9.jar;C:\WINDOWS\system32\config\systemprofile\.m2\repository\org\checkerframework\checker-compat-qual\2.0.0\checker-compat-qual-2.0.0.jar;C:\WINDOWS\system32\config\systemprofile\.m2\repository\com\google\errorprone\error_prone_annotations\2.1.3\error_prone_annotations-2.1.3.jar;C:\WINDOWS\system32\config\systemprofile\.m2\repository\com\google\j2objc\j2objc-annotations\1.1\j2objc-annotations-1.1.jar;C:\WINDOWS\system32\config\systemprofile\.m2\repository\org\codehaus\mojo\animal-sniffer-annotations\1.14\animal-sniffer-annotations-1.14.jar;C:\WINDOWS\system32\config\systemprofile\.m2\repository\com\squareup\okhttp3\okhttp\3.11.0\okhttp-3.11.0.jar;C:\WINDOWS\system32\config\systemprofile\.m2\repository\com\squareup\okio\okio\1.14.0\okio-1.14.0.jar;C:\WINDOWS\system32\config\systemprofile\.m2\repository\junit\junit\4.13.2\junit-4.13.2.jar;C:\WINDOWS\system32\config\systemprofile\.m2\repository\org\hamcrest\hamcrest-core\1.3\hamcrest-core-1.3.jar;C:\WINDOWS\system32\config\systemprofile\.m2\repository\org\testng\testng\7.4.0\testng-7.4.0.jar;C:\WINDOWS\system32\config\systemprofile\.m2\repository\com\beust\jcommander\1.78\jcommander-1.78.jar;C:\WINDOWS\system32\config\systemprofile\.m2\repository\org\webjars\jquery\3.5.1\jquery-3.5.1.jar;C:\WINDOWS\system32\config\systemprofile\.m2\repository\com\aventstack\extentreports\3.1.5\extentreports-3.1.5.jar;C:\WINDOWS\system32\config\systemprofile\.m2\repository\org\freemarker\freemarker\2.3.23\freemarker-2.3.23.jar;C:\WINDOWS\system32\config\systemprofile\.m2\repository\org\mongodb\mongodb-driver\3.3.0\mongodb-driver-3.3.0.jar;C:\WINDOWS\system32\config\systemprofile\.m2\repository\org\mongodb\bson\3.3.0\bson-3.3.0.jar;C:\WINDOWS\system32\config\systemprofile\.m2\repository\org\mongodb\mongodb-driver-core\3.3.0\mongodb-driver-core-3.3.0.jar;C:\WINDOWS\system32\config\systemprofile\.m2\repository\org\apache\httpcomponents\httpclient\4.5.2\httpclient-4.5.2.jar;C:\WINDOWS\system32\config\systemprofile\.m2\repository\org\apache\httpcomponents\httpcore\4.4.4\httpcore-4.4.4.jar;C:\WINDOWS\system32\config\systemprofile\.m2\repository\commons-logging\commons-logging\1.2\commons-logging-1.2.jar;C:\WINDOWS\system32\config\systemprofile\.m2\repository\org\apache\httpcomponents\httpmime\4.5.2\httpmime-4.5.2.jar;C:\WINDOWS\system32\config\systemprofile\.m2\repository\org\jsoup\jsoup\1.9.2\jsoup-1.9.2.jar;C:\WINDOWS\system32\config\systemprofile\.m2\repository\com\google\code\gson\gson\2.8.0\gson-2.8.0.jar;C:\WINDOWS\system32\config\systemprofile\.m2\repository\commons-io\commons-io\1.3.2\commons-io-1.3.2.jar;C:\WINDOWS\system32\config\systemprofile\.m2\repository\org\apache\poi\poi\4.1.0\poi-4.1.0.jar;C:\WINDOWS\system32\config\systemprofile\.m2\repository\commons-codec\commons-codec\1.12\commons-codec-1.12.jar;C:\WINDOWS\system32\config\systemprofile\.m2\repository\org\apache\commons\commons-collections4\4.3\commons-collections4-4.3.jar;C:\WINDOWS\system32\config\systemprofile\.m2\repository\org\apache\commons\commons-math3\3.6.1\commons-math3-3.6.1.jar;C:\WINDOWS\system32\config\systemprofile\.m2\repository\org\apache\poi\poi-ooxml\4.1.0\poi-ooxml-4.1.0.jar;C:\WINDOWS\system32\config\systemprofile\.m2\repository\org\apache\poi\poi-ooxml-schemas\4.1.0\poi-ooxml-schemas-4.1.0.jar;C:\WINDOWS\system32\config\systemprofile\.m2\repository\org\apache\xmlbeans\xmlbeans\3.1.0\xmlbeans-3.1.0.jar;C:\WINDOWS\system32\config\systemprofile\.m2\repository\org\apache\commons\commons-compress\1.18\commons-compress-1.18.jar;C:\WINDOWS\system32\config\systemprofile\.m2\repository\com\github\virtuald\curvesapi\1.06\curvesapi-1.06.jar;"/>
    <property name="sun.cpu.endian" value="little"/>
    <property name="user.home" value="C:\WINDOWS\system32\config\systemprofile"/>
    <property name="user.language" value="en"/>
    <property name="java.specification.vendor" value="Oracle Corporation"/>
    <property name="java.version.date" value="2021-04-20"/>
    <property name="java.home" value="C:\Program Files\Java\jdk-11.0.11"/>
    <property name="file.separator" value="\"/>
    <property name="basedir" value="C:\Users\Priyaveena\Documents\Travelinsurance"/>
    <property name="java.vm.compressedOopsMode" value="32-bit"/>
    <property name="line.separator" value="&#10;"/>
    <property name="java.specification.name" value="Java Platform API Specification"/>
    <property name="java.vm.specification.vendor" value="Oracle Corporation"/>
    <property name="java.awt.graphicsenv" value="sun.awt.Win32GraphicsEnvironment"/>
    <property name="surefire.real.class.path" value="C:\Windows\Temp\surefire8817838257763716566\surefirebooter1332289825691790232.jar"/>
    <property name="user.script" value=""/>
    <property name="sun.management.compiler" value="HotSpot 64-Bit Tiered Compilers"/>
    <property name="java.runtime.version" value="11.0.11+9-LTS-194"/>
    <property name="user.name" value="LAPTOP-E5R60N50$"/>
    <property name="path.separator" value=";"/>
    <property name="os.version" value="10.0"/>
    <property name="java.runtime.name" value="Java(TM) SE Runtime Environment"/>
    <property name="file.encoding" value="Cp1252"/>
    <property name="java.vm.name" value="Java HotSpot(TM) 64-Bit Server VM"/>
    <property name="java.vendor.version" value="18.9"/>
    <property name="localRepository" value="C:\WINDOWS\system32\config\systemprofile\.m2\repository"/>
    <property name="java.vendor.url.bug" value="https://bugreport.java.com/bugreport/"/>
    <property name="java.io.tmpdir" value="C:\WINDOWS\TEMP\"/>
    <property name="java.version" value="11.0.11"/>
    <property name="user.dir" value="C:\Users\Priyaveena\Documents\Travelinsurance"/>
    <property name="os.arch" value="amd64"/>
    <property name="java.vm.specification.name" value="Java Virtual Machine Specification"/>
    <property name="java.awt.printerjob" value="sun.awt.windows.WPrinterJob"/>
    <property name="sun.os.patch.level" value=""/>
    <property name="java.library.path" value="C:\Program Files\Java\jdk-11.0.11\bin;C:\WINDOWS\Sun\Java\bin;C:\WINDOWS\system32;C:\WINDOWS;C:\WINDOWS\system32\config\systemprofile\AppData\Local\Jenkins\.jenkins\tools\hudson.tasks.Maven_MavenInstallation\TestMaven/bin;C:\Program Files\Common Files\Oracle\Java\javapath;C:\Program Files (x86)\Common Files\Oracle\Java\javapath;C:\WINDOWS\system32;C:\WINDOWS;C:\WINDOWS\System32\Wbem;C:\WINDOWS\System32\WindowsPowerShell\v1.0\;C:\WINDOWS\System32\OpenSSH\;C:\Program Files\MATLAB\R2016a\runtime\win64;C:\Program Files\MATLAB\R2016a\bin;C:\Program Files\MATLAB\R2016a\polyspace\bin;C:\Program Files (x86)\Brackets\command;C:\Program Files\Java\jdk-10.0.2\bin;C:\Program Files\Java\jre-10.0.2;C:\WINDOWS\system32\config\systemprofile\AppData\Local\Microsoft\WindowsApps;."/>
    <property name="java.vendor" value="Oracle Corporation"/>
    <property name="java.vm.info" value="mixed mode"/>
    <property name="java.vm.version" value="11.0.11+9-LTS-194"/>
    <property name="sun.io.unicode.encoding" value="UnicodeLittle"/>
    <property name="java.class.version" value="55.0"/>
  </properties>
  <testcase name="openurl" classname="com.insurance.test.TravelInsurance_test" time="7.698">
    <system-err><![CDATA[Starting ChromeDriver 89.0.4389.23 (61b08ee2c50024bab004e48d2b1b083cdbdac579-refs/branch-heads/4389@{#294}) on port 5281
Only local connections are allowed.
Please see https://chromedriver.chromium.org/security-considerations for suggestions on keeping ChromeDriver safe.
ChromeDriver was started successfully.
[1621794098.958][WARNING]: This version of ChromeDriver has not been tested with Chrome version 90.
May 23, 2021 11:51:39 PM org.openqa.selenium.remote.ProtocolHandshake createSession
INFO: Detected dialect: W3C
]]></system-err>
  </testcase>
  <testcase name="testone[{StartDate=05/06/2021, Age2=22, Mobile number=9876543210, Age1=21, Comment=&quot;For Germany&quot;, EndDate=17/06/2021, Email Id=vijaya@gmail.com, Full Name=Ms.Vijaya, Country=Germany}](1)" classname="com.insurance.test.TravelInsurance_test" time="47.131">
    <system-out><![CDATA[
The three lowest international  travel insurance plan are listed below

1: Insurance Provider Company Name : "RELIANCE" 
Amount is : "958"

2: Insurance Provider Company Name : "BAJAJ" 
Amount is : "1,103"

3: Insurance Provider Company Name : "RELIGARE" 
Amount is : "1,629"
]]></system-out>
  </testcase>
  <testcase name="testone[{StartDate=05/06/2021, Age2=21, Mobile number=9854761203, Age1=22, Comment=&quot;For Belgium&quot;, EndDate=30/06/2021, Email Id=surya@gmail.com, Full Name=Mr.Surya, Country=Belgium}](2)" classname="com.insurance.test.TravelInsurance_test" time="45.685">
    <system-out><![CDATA[
The three lowest international  travel insurance plan are listed below

1: Insurance Provider Company Name : "RELIANCE" 
Amount is : "958"

2: Insurance Provider Company Name : "BAJAJ" 
Amount is : "1,103"

3: Insurance Provider Company Name : "RELIGARE" 
Amount is : "1,629"
]]></system-out>
  </testcase>
  <testcase name="testone[{StartDate=18/07/2021, Age2=22, Mobile number=9487612350, Age1=21, Comment=&quot;For France&quot;, EndDate=20/09/2021, Email Id=ajith@gmail.com, Full Name=Mr.Ajith, Country=France}](3)" classname="com.insurance.test.TravelInsurance_test" time="46.296">
    <system-out><![CDATA[
The three lowest international  travel insurance plan are listed below

1: Insurance Provider Company Name : "RELIANCE" 
Amount is : "3,429"

2: Insurance Provider Company Name : "BAJAJ" 
Amount is : "3,507"

3: Insurance Provider Company Name : "RELIGARE" 
Amount is : "4,507"
]]></system-out>
  </testcase>
  <testcase name="testtwo[{Name=Kumar, RTO &amp; City Name=MH01, PhoneNumber=9789212012, Comment=&quot;Invalid Email Id&quot;, Model Variant=1.3 DX (1343 Cc), Email=kumargmail.com, Car Name=HONDA CITY}](1)" classname="com.insurance.test.TravelInsurance_test" time="46.97">
    <system-out><![CDATA[Please enter a valid e-mail ID.
]]></system-out>
  </testcase>
  <testcase name="testtwo[{Name=Vishali, RTO &amp; City Name=Ka04 , PhoneNumber=454202460, Comment=&quot;Invalid PhoneNumber&quot;, Model Variant=ACTIVE 1.6 MPI MT (1598 Cc), Email=vishali@gmail.com, Car Name=SKODA RAPID}](2)" classname="com.insurance.test.TravelInsurance_test" time="46.26">
    <system-out><![CDATA[Please enter a valid 10-digit mobile number.
]]></system-out>
  </testcase>
  <testcase name="testtwo[{Name=Shiva, RTO &amp; City Name=TN02, PhoneNumber=978912, Comment=&quot;Invalid Email Id and PhoneNumber&quot;, Model Variant=1.2 Xcent E+ (1197 Cc), Email=shiva2505@.com, Car Name=HYUNDAI XCENT}](3)" classname="com.insurance.test.TravelInsurance_test" time="46.034">
    <system-out><![CDATA[Please enter a valid e-mail ID.
Please enter a valid 10-digit mobile number.
]]></system-out>
  </testcase>
  <testcase name="testthree" classname="com.insurance.test.TravelInsurance_test" time="0.711">
    <system-out><![CDATA[Moved to Insurance_Products
1 : Family Health Insurance
2 : Senior Citizen Health Insurance
3 : Coronavirus Health Insurance
4 : Corona Kavach Policy
5 : Corona Rakshak Policy
6 : Arogya Sanjeevani Policy
7 : Critical Illness Insurance
8 : Mediclaim Policy
9 : Best Health Insurance Plans
10 : Health Insurance Claim
11 : Health Insurance Calculator
]]></system-out>
  </testcase>
</testsuite>